Arguments: 
  D:\nodejs\node.exe C:\Users\92539\AppData\Roaming\npm\node_modules\yarn\bin\yarn.js add @wangeditor/editor

PATH: 
  C:\WINDOWS\system32;C:\WINDOWS;C:\WINDOWS\System32\Wbem;C:\WINDOWS\System32\WindowsPowerShell\v1.0\;C:\WINDOWS\System32\OpenSSH\;D:\nodejs\;D:\Git\cmd;D:\微信web开发者工具\dll;C:\Users\92539\AppData\Local\Microsoft\WindowsApps;C:\Users\92539\AppData\Roaming\npm;C:\Users\92539\AppData\Local\Programs\Microsoft VS Code\bin

Yarn version: 
  1.22.19

Node version: 
  14.17.0

Platform: 
  win32 x64

Trace: 
  SyntaxError: E:\code\nixi-admin\package.json: Unexpected token } in JSON at position 1647
      at JSON.parse (<anonymous>)
      at C:\Users\92539\AppData\Roaming\npm\node_modules\yarn\lib\cli.js:1629:59
      at Generator.next (<anonymous>)
      at step (C:\Users\92539\AppData\Roaming\npm\node_modules\yarn\lib\cli.js:310:30)
      at C:\Users\92539\AppData\Roaming\npm\node_modules\yarn\lib\cli.js:321:13

npm manifest: 
  {
  	"name": "uni-admin 基础框架（原名 uniCloud admin）",
  	"id": "uni-template-admin",
  	"displayName": "uni-admin 基础框架",
  	"version": "1.7.13",
  	"description": "基于uni-app & uniCloud的后台管理项目模板（管理后台开发必备神器）",
  	"main": "main.js",
  	"scripts": {
  		"test": "echo \"Error: no test specified\" && exit 1"
  	},
  	"repository": "https://github.com/dcloudio/uni-admin.git",
  	"keywords": [
  		"admin",
  		"uniCloud",
  		"管理后台",
  		"云后台",
  		"uni-admin"
  	],
  	"engines": {
  		"HBuilderX": "^3.1.1"
  	},
  	"author": "",
  	"license": "MIT",
  	"bugs": {
  		"url": "https://github.com/dcloudio/uni-admin/issues"
  	},
  	"homepage": "https://github.com/dcloudio/uni-admin#readme",
  	"dcloudext": {
  		"category": [
  			"uniCloud",
  			"云端一体项目模板"
  		],
  		"sale": {
  			"regular": {
  				"price": "0.00"
  			},
  			"sourcecode": {
  				"price": "0.00"
  			}
  		},
  		"contact": {
  			"qq": ""
  		},
  		"declaration": {
  			"ads": "无",
  			"data": "无",
  			"permissions": "无"
  		},
  		"npmurl": ""
  	},
  	"uni_modules": {
  		"dependencies": [],
  		"encrypt": [],
  		"platforms": {
  			"cloud": {
  				"tcb": "y",
  				"aliyun": "y"
  			},
  			"client": {
  				"App": {
  					"app-vue": "y",
  					"app-nvue": "y"
  				},
  				"H5-mobile": {
  					"Safari": "y",
  					"Android Browser": "y",
  					"微信浏览器(Android)": "y",
  					"QQ浏览器(Android)": "y"
  				},
  				"H5-pc": {
  					"Chrome": "y",
  					"IE": "n",
  					"Edge": "y",
  					"Firefox": "y",
  					"Safari": "y"
  				},
  				"小程序": {
  					"微信": "y",
  					"阿里": "y",
  					"百度": "y",
  					"字节跳动": "y",
  					"QQ": "y"
  				},
  				"快应用": {
  					"华为": "u",
  					"联盟": "u"
  				},
  				"Vue": {
  					"vue2": "y",
  					"vue3": "y"
  				}
  			}
  		}
  	},
  	"dependencies": {
  		"element-ui": "^2.15.6",
  	}
  }

yarn manifest: 
  No manifest

Lockfile: 
  No lockfile
